<?xml version="1.0" encoding="UTF-8"?>
<!-- Generated by org.testng.reporters.JUnitReportReporter -->
<testsuite hostname="WIN-HPM5THPCLDL" name="Testing.TesteCampoDados" tests="1" failures="0" timestamp="21 May 2018 02:01:04 GMT" time="0.338" errors="0">
  <testcase name="f" time="0.338" classname="Testing.TesteCampoDados"/>
</testsuite> <!-- Testing.TesteCampoDados -->
